<?xml version="1.0" encoding="UTF-8"?>
<!-- Generated by org.testng.reporters.JUnitReportReporter -->
<testsuite hostname="Tamiduk" failures="0" tests="2" name="testRunner.Runner" time="18.499" errors="0" timestamp="28 Jun 2023 13:27:27 GMT" skipped="0">
  <testcase classname="testRunner.Runner" name="runScenario" time="9.103"/>
  <testcase classname="testRunner.Runner" name="runScenario" time="9.396"/>
</testsuite> <!-- testRunner.Runner -->
