<?xml version="1.0" encoding="UTF-8"?>
<!-- Generated by org.testng.reporters.JUnitReportReporter -->
<testsuite hostname="Tamiduk" failures="0" tests="1" name="testRunner.ProductsTestRunner" time="0.000" errors="0" timestamp="26 Jun 2023 12:26:27 GMT" skipped="1">
  <testcase classname="testRunner.ProductsTestRunner" name="runScenario" time="0.000">
    <skipped/>
  </testcase> <!-- runScenario -->
</testsuite> <!-- testRunner.ProductsTestRunner -->
