<?xml version="1.0" encoding="UTF-8"?>
<!-- Generated by org.testng.reporters.JUnitReportReporter -->
<testsuite hostname="Tamiduk" failures="0" tests="3" name="testRunner.ProductsTestRunner" time="40.153" errors="0" timestamp="28 Jun 2023 13:27:27 GMT" skipped="0">
  <testcase classname="testRunner.ProductsTestRunner" name="runScenario" time="12.776"/>
  <testcase classname="testRunner.ProductsTestRunner" name="runScenario" time="15.472"/>
  <testcase classname="testRunner.ProductsTestRunner" name="runScenario" time="11.905"/>
</testsuite> <!-- testRunner.ProductsTestRunner -->
